<?xml version="1.0" encoding="UTF-8"?>
<!-- Generated by org.testng.reporters.JUnitReportReporter -->
<testsuite hostname="Prernas-MBP" failures="0" tests="3" name="testSuite1.Module2" time="0.003" errors="0" timestamp="2023-04-10T12:58:08 EDT" skipped="0">
  <testcase classname="testSuite1.Module2" name="test001" time="0.003"/>
  <system-out/>
  <testcase classname="testSuite1.Module2" name="test002" time="0.000"/>
  <system-out/>
  <testcase classname="testSuite1.Module2" name="test003" time="0.000"/>
  <system-out/>
</testsuite> <!-- testSuite1.Module2 -->
