<?xml version="1.0" encoding="UTF-8"?>
<!-- Generated by org.testng.reporters.JUnitReportReporter -->
<testsuite hostname="Prernas-MBP" failures="0" tests="1" name="PageObjectModelTest.LaunchOrangeHire" time="2.197" errors="0" timestamp="2023-04-12T21:29:21 EDT" skipped="0">
  <testcase classname="PageObjectModelTest.LaunchOrangeHire" name="launchUserInfo" time="2.197"/>
  <system-out/>
</testsuite> <!-- PageObjectModelTest.LaunchOrangeHire -->
